Using pre-set license
Built from '2020.3/staging' branch; Version is '2020.3.25f1 (9b9180224418) revision 10195328'; Using compiler version '192528614'; Build Type 'Release'
OS: 'Windows 10  (10.0.19043) 64bit Professional' Language: 'ko' Physical Memory: 8104 MB
BatchMode: 1, IsHumanControllingUs: 0, StartBugReporterOnCrash: 0, Is64bit: 1, IsPro: 0

COMMAND LINE ARGUMENTS:
C:\Program Files\Unity\Hub\Editor\2020.3.25f1\Editor\Unity.exe
-adb2
-batchMode
-noUpm
-name
AssetImportWorker0
-projectPath
C:/Users/최예린/BlueMarble
-logFile
Logs/AssetImportWorker0.log
-srvPort
51001
Successfully changed project path to: C:/Users/최예린/BlueMarble
C:/Users/최예린/BlueMarble
Using Asset Import Pipeline V2.
Refreshing native plugins compatible for Editor in 77.62 ms, found 3 plugins.
Preloading 0 native plugins for Editor in 0.00 ms.
Initialize engine version: 2020.3.25f1 (9b9180224418)
[Subsystems] Discovering subsystems at path C:/Program Files/Unity/Hub/Editor/2020.3.25f1/Editor/Data/Resources/UnitySubsystems
[Subsystems] Discovering subsystems at path C:/Users/최예린/BlueMarble/Assets
GfxDevice: creating device client; threaded=0
Direct3D:
    Version:  Direct3D 11.0 [level 11.1]
    Renderer: Intel(R) HD Graphics 620 (ID=0x5916)
    Vendor:   
    VRAM:     4052 MB
    Driver:   27.20.100.7987
Initialize mono
Mono path[0] = 'C:/Program Files/Unity/Hub/Editor/2020.3.25f1/Editor/Data/Managed'
Mono path[1] = 'C:/Program Files/Unity/Hub/Editor/2020.3.25f1/Editor/Data/MonoBleedingEdge/lib/mono/unityjit'
Mono config path = 'C:/Program Files/Unity/Hub/Editor/2020.3.25f1/Editor/Data/MonoBleedingEdge/etc'
Using monoOptions --debugger-agent=transport=dt_socket,embedding=1,server=y,suspend=n,address=127.0.0.1:56364
Begin MonoManager ReloadAssembly
Registering precompiled unity dll's ...
Register platform support module: C:/Program Files/Unity/Hub/Editor/2020.3.25f1/Editor/Data/PlaybackEngines/WebGLSupport/UnityEditor.WebGL.Extensions.dll
Register platform support module: C:/Program Files/Unity/Hub/Editor/2020.3.25f1/Editor/Data/PlaybackEngines/WindowsStandaloneSupport/UnityEditor.WindowsStandalone.Extensions.dll
Registered in 0.008000 seconds.
Native extension for WindowsStandalone target not found
Native extension for WebGL target not found
Refreshing native plugins compatible for Editor in 64.92 ms, found 3 plugins.
Preloading 0 native plugins for Editor in 0.00 ms.
Mono: successfully reloaded assembly
- Completed reload, in  0.954 seconds
Domain Reload Profiling:
	ReloadAssembly (954ms)
		BeginReloadAssembly (104ms)
			ExecutionOrderSort (0ms)
			DisableScriptedObjects (0ms)
			BackupInstance (0ms)
			ReleaseScriptingObjects (0ms)
			CreateAndSetChildDomain (1ms)
		EndReloadAssembly (727ms)
			LoadAssemblies (100ms)
			RebuildTransferFunctionScriptingTraits (0ms)
			SetupTypeCache (264ms)
			ReleaseScriptCaches (0ms)
			RebuildScriptCaches (53ms)
			SetupLoadedEditorAssemblies (218ms)
				LogAssemblyErrors (0ms)
				InitializePlatformSupportModulesInManaged (11ms)
				SetLoadedEditorAssemblies (0ms)
				RefreshPlugins (65ms)
				BeforeProcessingInitializeOnLoad (9ms)
				ProcessInitializeOnLoadAttributes (99ms)
				ProcessInitializeOnLoadMethodAttributes (33ms)
				AfterProcessingInitializeOnLoad (0ms)
				EditorAssembliesLoaded (0ms)
			ExecutionOrderSort2 (0ms)
			AwakeInstancesAfterBackupRestoration (0ms)
Platform modules already initialized, skipping
Registering precompiled user dll's ...
Registered in 0.012281 seconds.
Begin MonoManager ReloadAssembly
Native extension for WindowsStandalone target not found
Native extension for WebGL target not found
Refreshing native plugins compatible for Editor in 52.97 ms, found 3 plugins.
Preloading 0 native plugins for Editor in 0.00 ms.
Mono: successfully reloaded assembly
- Completed reload, in  1.726 seconds
Domain Reload Profiling:
	ReloadAssembly (1728ms)
		BeginReloadAssembly (223ms)
			ExecutionOrderSort (0ms)
			DisableScriptedObjects (5ms)
			BackupInstance (0ms)
			ReleaseScriptingObjects (0ms)
			CreateAndSetChildDomain (34ms)
		EndReloadAssembly (1415ms)
			LoadAssemblies (161ms)
			RebuildTransferFunctionScriptingTraits (0ms)
			SetupTypeCache (520ms)
			ReleaseScriptCaches (0ms)
			RebuildScriptCaches (55ms)
			SetupLoadedEditorAssemblies (515ms)
				LogAssemblyErrors (0ms)
				InitializePlatformSupportModulesInManaged (6ms)
				SetLoadedEditorAssemblies (0ms)
				RefreshPlugins (53ms)
				BeforeProcessingInitializeOnLoad (104ms)
				ProcessInitializeOnLoadAttributes (300ms)
				ProcessInitializeOnLoadMethodAttributes (31ms)
				AfterProcessingInitializeOnLoad (20ms)
				EditorAssembliesLoaded (0ms)
			ExecutionOrderSort2 (0ms)
			AwakeInstancesAfterBackupRestoration (8ms)
Platform modules already initialized, skipping
========================================================================
Worker process is ready to serve import requests
Launched and connected shader compiler UnityShaderCompiler.exe after 0.09 seconds
Refreshing native plugins compatible for Editor in 0.54 ms, found 3 plugins.
Preloading 0 native plugins for Editor in 0.00 ms.
Unloading 2194 Unused Serialized files (Serialized files now loaded: 0)
System memory in use before: 95.8 MB.
System memory in use after: 95.9 MB.

Unloading 28 unused Assets to reduce memory usage. Loaded Objects now: 2627.
Total: 3.277100 ms (FindLiveObjects: 0.208500 ms CreateObjectMapping: 0.102000 ms MarkObjects: 2.877700 ms  DeleteObjects: 0.087700 ms)

AssetImportParameters requested are different than current active one (requested -> active):
  custom:framework-win-MediaFoundation: 216162199b28c13a410421893ffa2e32 -> 
  custom:video-decoder-ogg-theora: a1e56fd34408186e4bbccfd4996cb3dc -> 
  custom:container-muxer-webm: aa71ff27fc2769a1b78a27578f13a17b -> 
  custom:container-demuxer-webm: 4f35f7cbe854078d1ac9338744f61a02 -> 
  custom:container-demuxer-ogg: 62fdf1f143b41e24485cea50d1cbac27 -> 
  custom:video-encoder-webm-vp8: eb34c28f22e8b96e1ab97ce403110664 -> 
  custom:video-decoder-webm-vp8: 9c59270c3fd7afecdb556c50c9e8de78 -> 
  custom:audio-decoder-ogg-vorbis: bf7c407c2cedff20999df2af8eb42d56 -> 
  custom:audio-encoder-webm-vorbis: bf7c407c2cedff20999df2af8eb42d56 -> 
========================================================================
Received Import Request.
  path: Assets/Scenes/SampleScene.unity
  artifactKey: Guid(2cda990e2423bbf4892e6590ba056729) Importer(815301076,1909f56bfc062723c751e8b465ee728b)
Start importing Assets/Scenes/SampleScene.unity using Guid(2cda990e2423bbf4892e6590ba056729) Importer(815301076,1909f56bfc062723c751e8b465ee728b)  -> (artifact id: 'aa27944bdea339c97c39027c7eea529c') in 0.016111 seconds 
  Import took 0.020417 seconds .

========================================================================
Received Import Request.
  Time since last request: 14.164945 seconds.
  path: Assets/Scenes/GameScene.unity
  artifactKey: Guid(2cda990e2423bbf4892e6590ba056729) Importer(815301076,1909f56bfc062723c751e8b465ee728b)
Start importing Assets/Scenes/GameScene.unity using Guid(2cda990e2423bbf4892e6590ba056729) Importer(815301076,1909f56bfc062723c751e8b465ee728b)  -> (artifact id: 'd84ec865cfaf3bf13acd15927523344c') in 0.007626 seconds 
  Import took 0.015237 seconds .

========================================================================
Received Import Request.
  Time since last request: 152.199717 seconds.
  path: Assets
  artifactKey: Guid(00000000000000001000000000000000) Importer(815301076,1909f56bfc062723c751e8b465ee728b)
Start importing Assets using Guid(00000000000000001000000000000000) Importer(815301076,1909f56bfc062723c751e8b465ee728b)  -> (artifact id: '42d402b061de3733987d63b9cc3b64de') in 0.014004 seconds 
  Import took 0.022954 seconds .

========================================================================
Received Import Request.
  Time since last request: 8.906153 seconds.
  path: Assets/asset
  artifactKey: Guid(a03618b62360a7e419de93e02c8bee4c) Importer(815301076,1909f56bfc062723c751e8b465ee728b)
Start importing Assets/asset using Guid(a03618b62360a7e419de93e02c8bee4c) Importer(815301076,1909f56bfc062723c751e8b465ee728b)  -> (artifact id: 'ed977e764a8430c52a6ea8c89875f1b6') in 0.012698 seconds 
  Import took 0.025360 seconds .

========================================================================
Received Import Request.
  Time since last request: 7.141015 seconds.
  path: Assets/asset/dice1.png
  artifactKey: Guid(83c5b62ef04200a48b6974e595b27855) Importer(815301076,1909f56bfc062723c751e8b465ee728b)
Start importing Assets/asset/dice1.png using Guid(83c5b62ef04200a48b6974e595b27855) Importer(815301076,1909f56bfc062723c751e8b465ee728b)  -> (artifact id: 'fdf7f61d088df4d5ff68cd386621bda5') in 0.160695 seconds 
  Import took 0.167677 seconds .

========================================================================
Received Import Request.
  Time since last request: 0.000330 seconds.
  path: Assets/asset/dice4.png
  artifactKey: Guid(49436d23778315c4d92be15fd37f5ea8) Importer(815301076,1909f56bfc062723c751e8b465ee728b)
Start importing Assets/asset/dice4.png using Guid(49436d23778315c4d92be15fd37f5ea8) Importer(815301076,1909f56bfc062723c751e8b465ee728b)  -> (artifact id: '00c908368850b5cbe98e4e991be17ee8') in 0.063795 seconds 
  Import took 0.071308 seconds .

========================================================================
Received Import Request.
  Time since last request: 0.000405 seconds.
  path: Assets/asset/ground.png
  artifactKey: Guid(b768a1da09374ef4299d376bd21d89de) Importer(815301076,1909f56bfc062723c751e8b465ee728b)
Start importing Assets/asset/ground.png using Guid(b768a1da09374ef4299d376bd21d89de) Importer(815301076,1909f56bfc062723c751e8b465ee728b)  -> (artifact id: 'fbb97c761c957d48c341b9712f49f282') in 0.052117 seconds 
  Import took 0.067282 seconds .

========================================================================
Received Import Request.
  Time since last request: 0.000360 seconds.
  path: Assets/asset/normal_ground.png
  artifactKey: Guid(0300b6c57b64f0a4ba53bae8dd9fc8ca) Importer(815301076,1909f56bfc062723c751e8b465ee728b)
Start importing Assets/asset/normal_ground.png using Guid(0300b6c57b64f0a4ba53bae8dd9fc8ca) Importer(815301076,1909f56bfc062723c751e8b465ee728b)  -> (artifact id: '7a30f8cdb66b08f05239a691b4e3f87b') in 0.041071 seconds 
  Import took 0.050928 seconds .

========================================================================
Received Import Request.
  Time since last request: 0.000921 seconds.
  path: Assets/asset/dice6.png
  artifactKey: Guid(eae42f73f058ce845a507aa9b514aba9) Importer(815301076,1909f56bfc062723c751e8b465ee728b)
Start importing Assets/asset/dice6.png using Guid(eae42f73f058ce845a507aa9b514aba9) Importer(815301076,1909f56bfc062723c751e8b465ee728b)  -> (artifact id: '54d0fc6f17c8bea91bee5850a168b746') in 0.052050 seconds 
  Import took 0.057305 seconds .

========================================================================
Received Import Request.
  Time since last request: 0.000345 seconds.
  path: Assets/asset/dice5.png
  artifactKey: Guid(a2afe2e21ea9f264da15a362f1861f67) Importer(815301076,1909f56bfc062723c751e8b465ee728b)
Start importing Assets/asset/dice5.png using Guid(a2afe2e21ea9f264da15a362f1861f67) Importer(815301076,1909f56bfc062723c751e8b465ee728b)  -> (artifact id: '5394eb0ae79c9e838c06d98a2e87494d') in 0.041855 seconds 
  Import took 0.047408 seconds .

========================================================================
Received Import Request.
  Time since last request: 0.000339 seconds.
  path: Assets/asset/dice3.png
  artifactKey: Guid(81adead7a7ee6614cae4dff0f19a8465) Importer(815301076,1909f56bfc062723c751e8b465ee728b)
Start importing Assets/asset/dice3.png using Guid(81adead7a7ee6614cae4dff0f19a8465) Importer(815301076,1909f56bfc062723c751e8b465ee728b)  -> (artifact id: '57d26b2bc7fb5240cf803863dce82143') in 0.045437 seconds 
  Import took 0.051042 seconds .

========================================================================
Received Import Request.
  Time since last request: 0.000298 seconds.
  path: Assets/asset/dice2.png
  artifactKey: Guid(9f181571aba07594c83ac567dec35ab8) Importer(815301076,1909f56bfc062723c751e8b465ee728b)
Start importing Assets/asset/dice2.png using Guid(9f181571aba07594c83ac567dec35ab8) Importer(815301076,1909f56bfc062723c751e8b465ee728b)  -> (artifact id: '2fee28e521d4194de0a34bcea6796e73') in 0.046601 seconds 
  Import took 0.052178 seconds .

========================================================================
Received Import Request.
  Time since last request: 0.000313 seconds.
  path: Assets/asset/player.png
  artifactKey: Guid(ab88527a7ae9a0d4c9de0bbdf759f884) Importer(815301076,1909f56bfc062723c751e8b465ee728b)
Start importing Assets/asset/player.png using Guid(ab88527a7ae9a0d4c9de0bbdf759f884) Importer(815301076,1909f56bfc062723c751e8b465ee728b)  -> (artifact id: '993704409f9e3b73f2ea2ff68d32c218') in 0.051070 seconds 
  Import took 0.057302 seconds .

========================================================================
Received Import Request.
  Time since last request: 0.000313 seconds.
  path: Assets/asset/star.png
  artifactKey: Guid(f48a48e92bf30a84fb5efb0f3aee763d) Importer(815301076,1909f56bfc062723c751e8b465ee728b)
Start importing Assets/asset/star.png using Guid(f48a48e92bf30a84fb5efb0f3aee763d) Importer(815301076,1909f56bfc062723c751e8b465ee728b)  -> (artifact id: 'fca40a879bd4fada26c0739d74768b90') in 0.059169 seconds 
  Import took 0.067912 seconds .

========================================================================
Received Import Request.
  Time since last request: 1211.396428 seconds.
  path: ProjectSettings/TagManager.asset
  artifactKey: Guid(00000000000000003000000000000000) Importer(815301076,1909f56bfc062723c751e8b465ee728b)
Start importing ProjectSettings/TagManager.asset using Guid(00000000000000003000000000000000) Importer(815301076,1909f56bfc062723c751e8b465ee728b)  -> (artifact id: '95df672b4aaba54310d34c83eef51bb8') in 0.016117 seconds 
  Import took 0.024356 seconds .

========================================================================
Received Import Request.
  Time since last request: 212.627113 seconds.
  path: ProjectSettings/TagManager.asset
  artifactKey: Guid(00000000000000003000000000000000) Importer(815301076,1909f56bfc062723c751e8b465ee728b)
Start importing ProjectSettings/TagManager.asset using Guid(00000000000000003000000000000000) Importer(815301076,1909f56bfc062723c751e8b465ee728b)  -> (artifact id: 'c49f9cfad56c257e717124175afaf9c8') in 0.009635 seconds 
  Import took 0.017607 seconds .

AssetImportWorkerClient::OnTransportError - code=2 error=End of file
